ERROR - 2022-04-04 23:34:53 --> Error connecting to the database: Unknown database 'ci4'
CRITICAL - 2022-04-04 23:34:53 --> Unable to connect to the database.
Main connection [MySQLi]: Unknown database 'ci4'
#0 C:\laragon\www\ci\system\Database\BaseConnection.php(577): CodeIgniter\Database\BaseConnection->initialize()
#1 C:\laragon\www\ci\system\Database\BaseBuilder.php(1455): CodeIgniter\Database\BaseConnection->query('SELECT *\nFROM `...', Array, false)
#2 C:\laragon\www\ci\system\Model.php(183): CodeIgniter\Database\BaseBuilder->get()
#3 C:\laragon\www\ci\system\BaseModel.php(584): CodeIgniter\Model->doFindAll(0, 0)
#4 C:\laragon\www\ci\app\Controllers\Home.php(15): CodeIgniter\BaseModel->findAll()
#5 C:\laragon\www\ci\system\CodeIgniter.php(832): App\Controllers\Home->index()
#6 C:\laragon\www\ci\system\CodeIgniter.php(419): CodeIgniter\CodeIgniter->runController(Object(App\Controllers\Home))
#7 C:\laragon\www\ci\system\CodeIgniter.php(326): CodeIgniter\CodeIgniter->handleRequest(NULL, Object(Config\Cache), false)
#8 C:\laragon\www\ci\public\index.php(37): CodeIgniter\CodeIgniter->run()
#9 C:\laragon\www\ci\system\Commands\Server\rewrite.php(43): require_once('C:\\laragon\\www\\...')
#10 {main}
ERROR - 2022-04-04 23:36:15 --> Error connecting to the database: Unknown database 'ci4'
CRITICAL - 2022-04-04 23:36:15 --> Unable to connect to the database.
Main connection [MySQLi]: Unknown database 'ci4'
#0 C:\laragon\www\ci\system\Database\BaseConnection.php(577): CodeIgniter\Database\BaseConnection->initialize()
#1 C:\laragon\www\ci\system\Database\BaseBuilder.php(1455): CodeIgniter\Database\BaseConnection->query('SELECT *\nFROM `...', Array, false)
#2 C:\laragon\www\ci\system\Model.php(183): CodeIgniter\Database\BaseBuilder->get()
#3 C:\laragon\www\ci\system\BaseModel.php(584): CodeIgniter\Model->doFindAll(0, 0)
#4 C:\laragon\www\ci\app\Controllers\Home.php(15): CodeIgniter\BaseModel->findAll()
#5 C:\laragon\www\ci\system\CodeIgniter.php(832): App\Controllers\Home->index()
#6 C:\laragon\www\ci\system\CodeIgniter.php(419): CodeIgniter\CodeIgniter->runController(Object(App\Controllers\Home))
#7 C:\laragon\www\ci\system\CodeIgniter.php(326): CodeIgniter\CodeIgniter->handleRequest(NULL, Object(Config\Cache), false)
#8 C:\laragon\www\ci\public\index.php(37): CodeIgniter\CodeIgniter->run()
#9 C:\laragon\www\ci\system\Commands\Server\rewrite.php(43): require_once('C:\\laragon\\www\\...')
#10 {main}
ERROR - 2022-04-04 23:37:26 --> Error connecting to the database: Unknown database 'ci4'
CRITICAL - 2022-04-04 23:37:26 --> Unable to connect to the database.
Main connection [MySQLi]: Unknown database 'ci4'
#0 C:\laragon\www\ci\system\Database\BaseConnection.php(577): CodeIgniter\Database\BaseConnection->initialize()
#1 C:\laragon\www\ci\system\Database\BaseBuilder.php(1455): CodeIgniter\Database\BaseConnection->query('SELECT *\nFROM `...', Array, false)
#2 C:\laragon\www\ci\system\Model.php(183): CodeIgniter\Database\BaseBuilder->get()
#3 C:\laragon\www\ci\system\BaseModel.php(584): CodeIgniter\Model->doFindAll(0, 0)
#4 C:\laragon\www\ci\app\Controllers\Home.php(15): CodeIgniter\BaseModel->findAll()
#5 C:\laragon\www\ci\system\CodeIgniter.php(832): App\Controllers\Home->index()
#6 C:\laragon\www\ci\system\CodeIgniter.php(419): CodeIgniter\CodeIgniter->runController(Object(App\Controllers\Home))
#7 C:\laragon\www\ci\system\CodeIgniter.php(326): CodeIgniter\CodeIgniter->handleRequest(NULL, Object(Config\Cache), false)
#8 C:\laragon\www\ci\public\index.php(37): CodeIgniter\CodeIgniter->run()
#9 C:\laragon\www\ci\system\Commands\Server\rewrite.php(43): require_once('C:\\laragon\\www\\...')
#10 {main}
ERROR - 2022-04-04 23:38:23 --> Error connecting to the database: Unknown database 'cv'
CRITICAL - 2022-04-04 23:38:23 --> Unable to connect to the database.
Main connection [MySQLi]: Unknown database 'cv'
#0 C:\laragon\www\ci\system\Database\BaseConnection.php(577): CodeIgniter\Database\BaseConnection->initialize()
#1 C:\laragon\www\ci\system\Database\BaseBuilder.php(1455): CodeIgniter\Database\BaseConnection->query('SELECT *\nFROM `...', Array, false)
#2 C:\laragon\www\ci\system\Model.php(183): CodeIgniter\Database\BaseBuilder->get()
#3 C:\laragon\www\ci\system\BaseModel.php(584): CodeIgniter\Model->doFindAll(0, 0)
#4 C:\laragon\www\ci\app\Controllers\Home.php(15): CodeIgniter\BaseModel->findAll()
#5 C:\laragon\www\ci\system\CodeIgniter.php(832): App\Controllers\Home->index()
#6 C:\laragon\www\ci\system\CodeIgniter.php(419): CodeIgniter\CodeIgniter->runController(Object(App\Controllers\Home))
#7 C:\laragon\www\ci\system\CodeIgniter.php(326): CodeIgniter\CodeIgniter->handleRequest(NULL, Object(Config\Cache), false)
#8 C:\laragon\www\ci\public\index.php(37): CodeIgniter\CodeIgniter->run()
#9 C:\laragon\www\ci\system\Commands\Server\rewrite.php(43): require_once('C:\\laragon\\www\\...')
#10 {main}
